<?xml version="1.0" encoding="UTF-8"?>
<!-- Generated by org.testng.reporters.JUnitReportReporter -->
<testsuite hostname="YAYKOC" failures="0" tests="3" name="com.neotech.lesson01.TestNGAnnotations" time="0.020" errors="0" timestamp="2023-10-07T13:59:17 EDT" skipped="0">
  <testcase classname="com.neotech.lesson01.TestNGAnnotations" name="test3" time="0.010"/>
  <testcase classname="com.neotech.lesson01.TestNGAnnotations" name="test1" time="0.007"/>
  <testcase classname="com.neotech.lesson01.TestNGAnnotations" name="test2" time="0.003"/>
</testsuite> <!-- com.neotech.lesson01.TestNGAnnotations -->
