<?xml version="1.0" encoding="UTF-8"?>
<!-- Generated by org.testng.reporters.JUnitReportReporter -->
<testsuite hostname="YAYKOC" failures="0" tests="2" name="com.neotech.lesson01.MoreTestNGAnnotations" time="0.011" errors="0" timestamp="2023-10-07T21:56:52 EDT" skipped="0">
  <testcase classname="com.neotech.lesson01.MoreTestNGAnnotations" name="test1" time="0.007"/>
  <testcase classname="com.neotech.lesson01.MoreTestNGAnnotations" name="test2" time="0.004"/>
</testsuite> <!-- com.neotech.lesson01.MoreTestNGAnnotations -->
