<?xml version="1.0" encoding="UTF-8"?>
<!-- Generated by org.testng.reporters.JUnitReportReporter -->
<testsuite hostname="YAYKOC" failures="0" tests="1" name="com.neotech.lesson01.Homework" time="6.139" errors="0" timestamp="2023-10-07T23:49:26 EDT" skipped="0">
  <testcase classname="com.neotech.lesson01.Homework" name="login" time="6.139"/>
</testsuite> <!-- com.neotech.lesson01.Homework -->
