<?xml version="1.0" encoding="UTF-8"?>
<!-- Generated by org.testng.reporters.JUnitReportReporter -->
<testsuite hostname="YAYKOC" failures="0" tests="3" name="com.neotech.lesson01.TestNGDemo" time="0.015" errors="0" timestamp="2023-10-07T13:42:53 EDT" skipped="0">
  <testcase classname="com.neotech.lesson01.TestNGDemo" name="testOne" time="0.010"/>
  <testcase classname="com.neotech.lesson01.TestNGDemo" name="testTwo" time="0.002"/>
  <testcase classname="com.neotech.lesson01.TestNGDemo" name="testThree" time="0.003"/>
</testsuite> <!-- com.neotech.lesson01.TestNGDemo -->
